<?xml version="1.0" encoding="UTF-8"?>
<testsuite xmlns:xsi="http://www.w3.org/2001/XMLSchema-instance" xsi:noNamespaceSchemaLocation="https://maven.apache.org/surefire/maven-surefire-plugin/xsd/surefire-test-report.xsd" name="apiTests.UserOrdersTest" time="5.161" tests="2" errors="0" skipped="0" failures="0">
  <properties>
[...]
</properties>
  <testcase name="getUserOrdersWithAuthorization" classname="apiTests.UserOrdersTest" time="4.698"/>
  <testcase name="createOrderAndGetUserOrdersWithoutAuthorization" classname="apiTests.UserOrdersTest" time="0.46"/>
</testsuite>