<?xml version="1.0" encoding="UTF-8"?>
<testsuite xmlns:xsi="http://www.w3.org/2001/XMLSchema-instance" xsi:noNamespaceSchemaLocation="https://maven.apache.org/surefire/maven-surefire-plugin/xsd/surefire-test-report.xsd" name="apiTests.OrderCreationTest" time="15.101" tests="5" errors="0" skipped="0" failures="3">
  <properties>
[...]
</properties>
  <testcase name="createOrderWithInvalidIngredientsHash" classname="apiTests.OrderCreationTest" time="5.658">
    <failure message="1 expectation failed.&#10;Expected status code &lt;500&gt; but was &lt;400&gt;.&#10;" type="java.lang.AssertionError"><![CDATA[java.lang.AssertionError: 
1 expectation failed.
Expected status code <500> but was <400>.

	at apiTests.OrderCreationTest.createOrderWithInvalidIngredientsHash(OrderCreationTest.java:107)
]]></failure>
    <system-out><![CDATA[Пользователь успешно создан: user05eb9b@yandex.ru
Логин с данными - email: user05eb9b@yandex.ru, password: passefa9ff, name: Userb664c5
Пользователь успешно вошел в систему
HTTP/1.1 400 Bad Request
Date: Wed, 13 Nov 2024 16:19:31 GMT
Content-Type: application/json; charset=utf-8
Content-Length: 68
Connection: keep-alive
X-Powered-By: Express
Access-Control-Allow-Origin: *
ETag: W/"44-iv5yjzJnIFw/3XSnnHvmvdpwQ0Y"
cf-cache-status: DYNAMIC
Report-To: {"endpoints":[{"url":"https:\/\/a.nel.cloudflare.com\/report\/v4?s=2PciSzm6WZ%2FxRbplPKwRsJYJNEIKS9UJBY9%2FWsTOgJt8MnvnBMll9AxDxuiUNsFy%2FA7JQP%2FDZFTplmQ8BKTZbM2hGJwILjMOFvgaa2mF%2F1i2LK7%2FoPb%2Fx5B6bZISq3Siz69BIjgWvGfbIq6BmxenKeiOzhY%3D"}],"group":"cf-nel","max_age":604800}
NEL: {"success_fraction":0,"report_to":"cf-nel","max_age":604800}
Server: cloudflare
CF-RAY: 8e20157b992e66c9-AMS
alt-svc: h3=":443"; ma=86400
server-timing: cfL4;desc="?proto=TCP&rtt=6021&sent=7&recv=11&lost=0&retrans=0&sent_bytes=3303&recv_bytes=1107&delivery_rate=731707&cwnd=253&unsent_bytes=0&cid=0f6de17cd65acd23&ts=267&x=0"

{
    "success": false,
    "message": "One or more ids provided are incorrect"
}
Delete Response Code: 202
{
    "success": true,
    "message": "User successfully removed"
}
Delete Response Body:
{
    "success": true,
    "message": "User successfully removed"
}
Пользователь успешно удален
]]></system-out>
    <system-err><![CDATA[SLF4J: Failed to load class "org.slf4j.impl.StaticLoggerBinder".
SLF4J: Defaulting to no-operation (NOP) logger implementation
SLF4J: See http://www.slf4j.org/codes.html#StaticLoggerBinder for further details.
]]></system-err>
  </testcase>
  <testcase name="createOrderWithNoAuthorization" classname="apiTests.OrderCreationTest" time="1.969">
    <failure message="1 expectation failed.&#10;Expected status code &lt;401&gt; but was &lt;200&gt;.&#10;" type="java.lang.AssertionError"><![CDATA[java.lang.AssertionError: 
1 expectation failed.
Expected status code <401> but was <200>.

	at apiTests.OrderCreationTest.createOrderWithNoAuthorization(OrderCreationTest.java:67)
]]></failure>
    <system-out><![CDATA[Выполняется метод для проверки ошибки запроса создания заказа без авторизации, с ингредиентами...
HTTP/1.1 200 OK
Date: Wed, 13 Nov 2024 16:19:34 GMT
Content-Type: application/json; charset=utf-8
Transfer-Encoding: chunked
Connection: keep-alive
X-Powered-By: Express
Access-Control-Allow-Origin: *
ETag: W/"76-CyG9Pmu1PKYbx5mfhj5lA85NIio"
cf-cache-status: DYNAMIC
Report-To: {"endpoints":[{"url":"https:\/\/a.nel.cloudflare.com\/report\/v4?s=K%2B5SJZh6Ln1o5ZKsAxZTXA7zsrvLvET41ukV39jEEtV2J4zyNdWJMHbMxOwaM0nxUuMCgtdeEPFQyvjfGHSV1p37zTSmgfPSw51PEiSQyF3ryQp9PrQBN%2BTNwotB1SzNyqCVjchhrn0CblP1EqqzxcBTo4k%3D"}],"group":"cf-nel","max_age":604800}
NEL: {"success_fraction":0,"report_to":"cf-nel","max_age":604800}
Server: cloudflare
CF-RAY: 8e20158a682d687a-NRT
Content-Encoding: gzip
alt-svc: h3=":443"; ma=86400
server-timing: cfL4;desc="?proto=TCP&rtt=239127&sent=7&recv=10&lost=0&retrans=0&sent_bytes=3303&recv_bytes=936&delivery_rate=18310&cwnd=34&unsent_bytes=0&cid=0a52fc135fd80d59&ts=1255&x=0"

{
    "success": true,
    "name": "Фалленианский флюоресцентный бургер",
    "order": {
        "number": 8148
    }
}
]]></system-out>
  </testcase>
  <testcase name="createOrderWithAuthorizationAndNoIngredients" classname="apiTests.OrderCreationTest" time="2.631"/>
  <testcase name="createOrderWithNoAuthorizationAndIngredients" classname="apiTests.OrderCreationTest" time="0.48">
    <failure message="1 expectation failed.&#10;Expected status code &lt;401&gt; but was &lt;400&gt;.&#10;" type="java.lang.AssertionError"><![CDATA[java.lang.AssertionError: 
1 expectation failed.
Expected status code <401> but was <400>.

	at apiTests.OrderCreationTest.createOrderWithNoAuthorizationAndIngredients(OrderCreationTest.java:78)
]]></failure>
    <system-out><![CDATA[HTTP/1.1 400 Bad Request
Date: Wed, 13 Nov 2024 16:19:37 GMT
Content-Type: application/json; charset=utf-8
Content-Length: 61
Connection: keep-alive
X-Powered-By: Express
Access-Control-Allow-Origin: *
ETag: W/"3d-2OjyVsQbcrSKTjJtjBJ5FY7GEPQ"
cf-cache-status: DYNAMIC
Report-To: {"endpoints":[{"url":"https:\/\/a.nel.cloudflare.com\/report\/v4?s=WcurU2hAAtRQGZ1I8sj6hsVepqQmmNkjjiPmK86%2BxQYgclwNnNQoGEyqYClP0CrqHZJgnmPhgHFJ7B0Uick6w0tdyffL4ZU7VqNSneBVWJOxAaODse4BSZXxC7Af%2FjpOQoOSJWtiwiLZITYFpwnVcPx%2BCpg%3D"}],"group":"cf-nel","max_age":604800}
NEL: {"success_fraction":0,"report_to":"cf-nel","max_age":604800}
Server: cloudflare
CF-RAY: 8e2015a1d9326f54-CDG
alt-svc: h3=":443"; ma=86400
server-timing: cfL4;desc="?proto=TCP&rtt=4257&sent=7&recv=9&lost=0&retrans=0&sent_bytes=3302&recv_bytes=882&delivery_rate=1022886&cwnd=253&unsent_bytes=0&cid=479ffa11e4573690&ts=236&x=0"

{
    "success": false,
    "message": "Ingredient ids must be provided"
}
]]></system-out>
  </testcase>
  <testcase name="createOrderWithAuthorization" classname="apiTests.OrderCreationTest" time="4.176"/>
</testsuite>